{"C:\\Users\\chari\\OneDrive\\Desktop\\namaste-react\\src\\components\\RestaurnentCard.js": {"path":"C:\\Users\\chari\\OneDrive\\Desktop\\namaste-react\\src\\components\\RestaurnentCard.js","statementMap":{"0":{"start":{"line":6,"column":22},"end":{"line":24,"column":1}},"1":{"start":{"line":7,"column":24},"end":{"line":7,"column":29}},"2":{"start":{"line":8,"column":78},"end":{"line":8,"column":85}},"3":{"start":{"line":9,"column":29},"end":{"line":9,"column":52}},"4":{"start":{"line":11,"column":4},"end":{"line":23,"column":5}},"5":{"start":{"line":29,"column":38},"end":{"line":42,"column":1}},"6":{"start":{"line":30,"column":4},"end":{"line":41,"column":5}},"7":{"start":{"line":31,"column":8},"end":{"line":31,"column":26}},"8":{"start":{"line":32,"column":8},"end":{"line":40,"column":9}}},"fnMap":{"0":{"name":"(anonymous_0)","decl":{"start":{"line":6,"column":22},"end":{"line":6,"column":23}},"loc":{"start":{"line":6,"column":33},"end":{"line":24,"column":1}},"line":6},"1":{"name":"(anonymous_1)","decl":{"start":{"line":29,"column":38},"end":{"line":29,"column":39}},"loc":{"start":{"line":29,"column":57},"end":{"line":42,"column":1}},"line":29},"2":{"name":"(anonymous_2)","decl":{"start":{"line":30,"column":11},"end":{"line":30,"column":12}},"loc":{"start":{"line":30,"column":22},"end":{"line":41,"column":5}},"line":30}},"branchMap":{},"s":{"0":1,"1":2,"2":2,"3":2,"4":2,"5":1,"6":1,"7":1,"8":1},"f":{"0":2,"1":1,"2":1},"b":{},"_coverageSchema":"1a1c01bbd47fc00a2c39e90264f33305004495a9","hash":"5e67611ff2a6f5d3acc8f0e689e26c190db16d03"}
}
